<?xml version="1.0" encoding="UTF-8"?>
<!-- Generated by org.testng.reporters.JUnitXMLReporter -->
<testsuite ignored="0" hostname="NODE2103" failures="0" tests="7" name="Test" time="162.994" errors="0" timestamp="2022-06-25T14:36:44 IST">
  <testcase classname="Project.Actitime.CreatingTasks" name="customerCreate" time="14.272"/>
  <testcase classname="Project.Actitime.CreatingTasks" name="projectCreate" time="10.968"/>
  <testcase classname="Project.Actitime.CreatingTasks" name="customerDelete" time="15.344"/>
  <testcase classname="Project.Actitime.CreatingTasks" name="projecttaskCreate" time="13.925"/>
  <testcase classname="Project.Actitime.CreatingTasks" name="projecttaskDelete" time="15.033"/>
  <testcase classname="Project.Actitime.CreatingTasks" name="projecttaskComplete" time="12.58"/>
  <testcase classname="Project.Actitime.CreatingTasks" name="projectDelete" time="14.335"/>
</testsuite> <!-- Test -->
