<?xml version="1.0" encoding="UTF-8"?>
<testng-results ignored="0" total="7" passed="7" failed="0" skipped="0">
  <reporter-output>
  </reporter-output>
  <suite started-at="2022-06-25T14:34:00 IST" name="Suite" finished-at="2022-06-25T14:36:43 IST" duration-ms="162994">
    <groups>
    </groups>
    <test started-at="2022-06-25T14:34:00 IST" name="Test" finished-at="2022-06-25T14:36:43 IST" duration-ms="162994">
      <class name="Project.Actitime.CreatingTasks">
        <test-method is-config="true" signature="initializeBrowser()[pri:0, instance:Project.Actitime.CreatingTasks@2ef14fe]" started-at="2022-06-25T14:34:00 IST" name="initializeBrowser" finished-at="2022-06-25T14:34:17 IST" duration-ms="16662" status="PASS">
          <reporter-output>
          </reporter-output>
        </test-method> <!-- initializeBrowser -->
        <test-method signature="customerCreate(java.lang.String,java.lang.String,java.lang.String,java.lang.String)[pri:0, instance:Project.Actitime.CreatingTasks@2ef14fe]" started-at="2022-06-25T14:34:17 IST" name="customerCreate" finished-at="2022-06-25T14:34:31 IST" duration-ms="14272" status="PASS">
          <params>
            <param index="0">
              <value>
                <![CDATA[tester]]>
              </value>
            </param>
            <param index="1">
              <value>
                <![CDATA[Useful for Organization]]>
              </value>
            </param>
            <param index="2">
              <value>
                <![CDATA[tvignesh2019@gmail.com]]>
              </value>
            </param>
            <param index="3">
              <value>
                <![CDATA[X4PJE4b@]]>
              </value>
            </param>
          </params>
          <reporter-output>
          </reporter-output>
        </test-method> <!-- customerCreate -->
        <test-method is-config="true" signature="initializeBrowser()[pri:0, instance:Project.Actitime.CreatingTasks@2ef14fe]" started-at="2022-06-25T14:34:31 IST" name="initializeBrowser" finished-at="2022-06-25T14:34:43 IST" duration-ms="11523" status="PASS">
          <reporter-output>
          </reporter-output>
        </test-method> <!-- initializeBrowser -->
        <test-method signature="projectCreate(java.lang.String,java.lang.String,java.lang.String,java.lang.String,java.lang.String)[pri:0, instance:Project.Actitime.CreatingTasks@2ef14fe]" started-at="2022-06-25T14:34:43 IST" name="projectCreate" finished-at="2022-06-25T14:34:54 IST" duration-ms="10968" status="PASS">
          <params>
            <param index="0">
              <value>
                <![CDATA[E-commerce]]>
              </value>
            </param>
            <param index="1">
              <value>
                <![CDATA[Useful for customers to buy a prodcut]]>
              </value>
            </param>
            <param index="2">
              <value>
                <![CDATA[tvignesh2019@gmail.com]]>
              </value>
            </param>
            <param index="3">
              <value>
                <![CDATA[X4PJE4b@]]>
              </value>
            </param>
            <param index="4">
              <value>
                <![CDATA[Developer]]>
              </value>
            </param>
          </params>
          <reporter-output>
          </reporter-output>
        </test-method> <!-- projectCreate -->
        <test-method is-config="true" signature="initializeBrowser()[pri:0, instance:Project.Actitime.CreatingTasks@2ef14fe]" started-at="2022-06-25T14:34:54 IST" name="initializeBrowser" finished-at="2022-06-25T14:35:05 IST" duration-ms="10912" status="PASS">
          <reporter-output>
          </reporter-output>
        </test-method> <!-- initializeBrowser -->
        <test-method signature="customerDelete(java.lang.String,java.lang.String,java.lang.String)[pri:0, instance:Project.Actitime.CreatingTasks@2ef14fe]" started-at="2022-06-25T14:35:05 IST" name="customerDelete" finished-at="2022-06-25T14:35:20 IST" depends-on-methods="Project.Actitime.CreatingTasks.customerCreate" duration-ms="15344" status="PASS">
          <params>
            <param index="0">
              <value>
                <![CDATA[tester]]>
              </value>
            </param>
            <param index="1">
              <value>
                <![CDATA[tvignesh2019@gmail.com]]>
              </value>
            </param>
            <param index="2">
              <value>
                <![CDATA[X4PJE4b@]]>
              </value>
            </param>
          </params>
          <reporter-output>
          </reporter-output>
        </test-method> <!-- customerDelete -->
        <test-method is-config="true" signature="initializeBrowser()[pri:0, instance:Project.Actitime.CreatingTasks@2ef14fe]" started-at="2022-06-25T14:35:20 IST" name="initializeBrowser" finished-at="2022-06-25T14:35:27 IST" duration-ms="6943" status="PASS">
          <reporter-output>
          </reporter-output>
        </test-method> <!-- initializeBrowser -->
        <test-method signature="projecttaskCreate(java.lang.String,java.lang.String,java.lang.String,java.lang.String,java.lang.String)[pri:0, instance:Project.Actitime.CreatingTasks@2ef14fe]" started-at="2022-06-25T14:35:27 IST" name="projecttaskCreate" finished-at="2022-06-25T14:35:41 IST" depends-on-methods="Project.Actitime.CreatingTasks.projectCreate" duration-ms="13925" status="PASS">
          <params>
            <param index="0">
              <value>
                <![CDATA[E-commerce]]>
              </value>
            </param>
            <param index="1">
              <value>
                <![CDATA[Useful for customers to buy a prodcut]]>
              </value>
            </param>
            <param index="2">
              <value>
                <![CDATA[tvignesh2019@gmail.com]]>
              </value>
            </param>
            <param index="3">
              <value>
                <![CDATA[X4PJE4b@]]>
              </value>
            </param>
            <param index="4">
              <value>
                <![CDATA[Developer]]>
              </value>
            </param>
          </params>
          <reporter-output>
          </reporter-output>
        </test-method> <!-- projecttaskCreate -->
        <test-method is-config="true" signature="initializeBrowser()[pri:0, instance:Project.Actitime.CreatingTasks@2ef14fe]" started-at="2022-06-25T14:35:41 IST" name="initializeBrowser" finished-at="2022-06-25T14:35:48 IST" duration-ms="7001" status="PASS">
          <reporter-output>
          </reporter-output>
        </test-method> <!-- initializeBrowser -->
        <test-method signature="projecttaskDelete(java.lang.String,java.lang.String,java.lang.String,java.lang.String)[pri:0, instance:Project.Actitime.CreatingTasks@2ef14fe]" started-at="2022-06-25T14:35:48 IST" name="projecttaskDelete" finished-at="2022-06-25T14:36:03 IST" depends-on-methods="Project.Actitime.CreatingTasks.projectCreate, Project.Actitime.CreatingTasks.projecttaskCreate" duration-ms="15033" status="PASS">
          <params>
            <param index="0">
              <value>
                <![CDATA[tvignesh2019@gmail.com]]>
              </value>
            </param>
            <param index="1">
              <value>
                <![CDATA[X4PJE4b@]]>
              </value>
            </param>
            <param index="2">
              <value>
                <![CDATA[Developer]]>
              </value>
            </param>
            <param index="3">
              <value>
                <![CDATA[Test flight]]>
              </value>
            </param>
          </params>
          <reporter-output>
          </reporter-output>
        </test-method> <!-- projecttaskDelete -->
        <test-method is-config="true" signature="initializeBrowser()[pri:0, instance:Project.Actitime.CreatingTasks@2ef14fe]" started-at="2022-06-25T14:36:03 IST" name="initializeBrowser" finished-at="2022-06-25T14:36:09 IST" duration-ms="6386" status="PASS">
          <reporter-output>
          </reporter-output>
        </test-method> <!-- initializeBrowser -->
        <test-method signature="projecttaskComplete(java.lang.String,java.lang.String,java.lang.String)[pri:0, instance:Project.Actitime.CreatingTasks@2ef14fe]" started-at="2022-06-25T14:36:09 IST" name="projecttaskComplete" finished-at="2022-06-25T14:36:22 IST" depends-on-methods="Project.Actitime.CreatingTasks.projectCreate, Project.Actitime.CreatingTasks.projecttaskCreate, Project.Actitime.CreatingTasks.projecttaskDelete" duration-ms="12580" status="PASS">
          <params>
            <param index="0">
              <value>
                <![CDATA[tvignesh2019@gmail.com]]>
              </value>
            </param>
            <param index="1">
              <value>
                <![CDATA[X4PJE4b@]]>
              </value>
            </param>
            <param index="2">
              <value>
                <![CDATA[Developer]]>
              </value>
            </param>
          </params>
          <reporter-output>
          </reporter-output>
        </test-method> <!-- projecttaskComplete -->
        <test-method is-config="true" signature="initializeBrowser()[pri:0, instance:Project.Actitime.CreatingTasks@2ef14fe]" started-at="2022-06-25T14:36:22 IST" name="initializeBrowser" finished-at="2022-06-25T14:36:29 IST" duration-ms="7025" status="PASS">
          <reporter-output>
          </reporter-output>
        </test-method> <!-- initializeBrowser -->
        <test-method signature="projectDelete(java.lang.String,java.lang.String,java.lang.String)[pri:0, instance:Project.Actitime.CreatingTasks@2ef14fe]" started-at="2022-06-25T14:36:29 IST" name="projectDelete" finished-at="2022-06-25T14:36:43 IST" depends-on-methods="Project.Actitime.CreatingTasks.projecttaskComplete, Project.Actitime.CreatingTasks.projectCreate, Project.Actitime.CreatingTasks.projecttaskCreate, Project.Actitime.CreatingTasks.projecttaskDelete" duration-ms="14335" status="PASS">
          <params>
            <param index="0">
              <value>
                <![CDATA[tvignesh2019@gmail.com]]>
              </value>
            </param>
            <param index="1">
              <value>
                <![CDATA[X4PJE4b@]]>
              </value>
            </param>
            <param index="2">
              <value>
                <![CDATA[Developer]]>
              </value>
            </param>
          </params>
          <reporter-output>
          </reporter-output>
        </test-method> <!-- projectDelete -->
      </class> <!-- Project.Actitime.CreatingTasks -->
    </test> <!-- Test -->
  </suite> <!-- Suite -->
</testng-results>
